二月 10, 2015 5:33:45 下午 org.apache.catalina.core.StandardContext setPath
警告: A context path must either be an empty string or start with a '/' and do not end with a '/'. The path [/] does not meet these criteria and has been changed to []
二月 10, 2015 5:33:46 下午 org.apache.coyote.AbstractProtocol init
信息: Initializing ProtocolHandler ["http-nio-8080"]
二月 10, 2015 5:33:46 下午 org.apache.tomcat.util.net.NioSelectorPool getSharedSelector
信息: Using a shared selector for servlet write/read
二月 10, 2015 5:33:46 下午 org.apache.catalina.core.StandardService startInternal
信息: Starting service Tomcat
二月 10, 2015 5:33:46 下午 org.apache.catalina.core.StandardEngine startInternal
信息: Starting Servlet Engine: Apache Tomcat/8.0.18
二月 10, 2015 5:33:46 下午 org.apache.catalina.startup.ContextConfig getDefaultWebXmlFragment
信息: No global web.xml found
二月 10, 2015 5:33:47 下午 org.apache.jasper.servlet.TldScanner scanJars
信息: At least one JAR was scanned for TLDs yet contained no TLDs. Enable debug logging for this logger for a complete list of JARs that were scanned but no TLDs were found in them. Skipping unneeded JARs during scanning can improve startup time and JSP compilation time.
二月 10, 2015 5:33:47 下午 org.apache.coyote.AbstractProtocol start
信息: Starting ProtocolHandler ["http-nio-8080"]
二月 10, 2015 5:33:53 下午 org.apache.catalina.core.ApplicationContext log
信息: webdav: DefaultServlet.init:  input buffer size=2048, output buffer size=2048
二月 10, 2015 5:33:53 下午 org.apache.catalina.core.ApplicationContext log
信息: webdav: 


二月 10, 2015 5:33:53 下午 org.apache.catalina.core.ApplicationContext log
信息: webdav: [PROPFIND] /
二月 10, 2015 5:33:53 下午 org.apache.catalina.core.ApplicationContext log
信息: webdav: RequestHeader: [connection: Keep-Alive]|[[connection: Keep-Alive]|user-agent: Microsoft-WebDAV-MiniRedir/6.1.7601]|[[connection: Keep-Alive]|[[connection: Keep-Alive]|user-agent: Microsoft-WebDAV-MiniRedir/6.1.7601]|depth: 0]|[[connection: Keep-Alive]|[[connection: Keep-Alive]|user-agent: Microsoft-WebDAV-MiniRedir/6.1.7601]|[[connection: Keep-Alive]|[[connection: Keep-Alive]|user-agent: Microsoft-WebDAV-MiniRedir/6.1.7601]|depth: 0]|translate: f]|[[connection: Keep-Alive]|[[connection: Keep-Alive]|user-agent: Microsoft-WebDAV-MiniRedir/6.1.7601]|[[connection: Keep-Alive]|[[connection: Keep-Alive]|user-agent: Microsoft-WebDAV-MiniRedir/6.1.7601]|depth: 0]|[[connection: Keep-Alive]|[[connection: Keep-Alive]|user-agent: Microsoft-WebDAV-MiniRedir/6.1.7601]|[[connection: Keep-Alive]|[[connection: Keep-Alive]|user-agent: Microsoft-WebDAV-MiniRedir/6.1.7601]|depth: 0]|translate: f]|content-length: 0]|[[connection: Keep-Alive]|[[connection: Keep-Alive]|user-agent: Microsoft-WebDAV-MiniRedir/6.1.7601]|[[connection: Keep-Alive]|[[connection: Keep-Alive]|user-agent: Microsoft-WebDAV-MiniRedir/6.1.7601]|depth: 0]|[[connection: Keep-Alive]|[[connection: Keep-Alive]|user-agent: Microsoft-WebDAV-MiniRedir/6.1.7601]|[[connection: Keep-Alive]|[[connection: Keep-Alive]|user-agent: Microsoft-WebDAV-MiniRedir/6.1.7601]|depth: 0]|translate: f]|[[connection: Keep-Alive]|[[connection: Keep-Alive]|user-agent: Microsoft-WebDAV-MiniRedir/6.1.7601]|[[connection: Keep-Alive]|[[connection: Keep-Alive]|user-agent: Microsoft-WebDAV-MiniRedir/6.1.7601]|depth: 0]|[[connection: Keep-Alive]|[[connection: Keep-Alive]|user-agent: Microsoft-WebDAV-MiniRedir/6.1.7601]|[[connection: Keep-Alive]|[[connection: Keep-Alive]|user-agent: Microsoft-WebDAV-MiniRedir/6.1.7601]|depth: 0]|translate: f]|content-length: 0]|host: 192.168.0.106:8080]|getMethod: PROPFIND
getRequestURI: /webdavedit
getQueryString: null
getProtocol: HTTP/1.1
getContextPath: 
getServletPath: /webdavedit
二月 10, 2015 5:33:53 下午 org.apache.catalina.core.ApplicationContext log
信息: MyFilter: LogInfo: <?xml version="1.0" encoding="utf-8" ?>
<D:multistatus xmlns:D="DAV:"><D:response><D:href>/webdavedit/</D:href>
<D:propstat><D:prop><D:creationdate>2015-02-10T01:35:20Z</D:creationdate>
<D:displayname><![CDATA[]]></D:displayname>
<D:resourcetype><D:collection/></D:resourcetype>
<D:source></D:source>
<D:supportedlock><D:lockentry><D:lockscope><D:exclusive/></D:lockscope><D:locktype><D:write/></D:locktype></D:lockentry><D:lockentry><D:lockscope><D:shared/></D:lockscope><D:locktype><D:write/></D:locktype></D:lockentry></D:supportedlock>
</D:prop>
<D:status>HTTP/1.1 200 OK</D:status>
</D:propstat>
</D:response>
</D:multistatus>

二月 10, 2015 5:33:53 下午 org.apache.catalina.core.ApplicationContext log
信息: webdav: 


二月 10, 2015 5:33:53 下午 org.apache.catalina.core.ApplicationContext log
信息: webdav: [PROPFIND] /
二月 10, 2015 5:33:53 下午 org.apache.catalina.core.ApplicationContext log
信息: webdav: RequestHeader: [connection: Keep-Alive]|[[connection: Keep-Alive]|user-agent: Microsoft-WebDAV-MiniRedir/6.1.7601]|[[connection: Keep-Alive]|[[connection: Keep-Alive]|user-agent: Microsoft-WebDAV-MiniRedir/6.1.7601]|depth: 0]|[[connection: Keep-Alive]|[[connection: Keep-Alive]|user-agent: Microsoft-WebDAV-MiniRedir/6.1.7601]|[[connection: Keep-Alive]|[[connection: Keep-Alive]|user-agent: Microsoft-WebDAV-MiniRedir/6.1.7601]|depth: 0]|translate: f]|[[connection: Keep-Alive]|[[connection: Keep-Alive]|user-agent: Microsoft-WebDAV-MiniRedir/6.1.7601]|[[connection: Keep-Alive]|[[connection: Keep-Alive]|user-agent: Microsoft-WebDAV-MiniRedir/6.1.7601]|depth: 0]|[[connection: Keep-Alive]|[[connection: Keep-Alive]|user-agent: Microsoft-WebDAV-MiniRedir/6.1.7601]|[[connection: Keep-Alive]|[[connection: Keep-Alive]|user-agent: Microsoft-WebDAV-MiniRedir/6.1.7601]|depth: 0]|translate: f]|content-length: 0]|[[connection: Keep-Alive]|[[connection: Keep-Alive]|user-agent: Microsoft-WebDAV-MiniRedir/6.1.7601]|[[connection: Keep-Alive]|[[connection: Keep-Alive]|user-agent: Microsoft-WebDAV-MiniRedir/6.1.7601]|depth: 0]|[[connection: Keep-Alive]|[[connection: Keep-Alive]|user-agent: Microsoft-WebDAV-MiniRedir/6.1.7601]|[[connection: Keep-Alive]|[[connection: Keep-Alive]|user-agent: Microsoft-WebDAV-MiniRedir/6.1.7601]|depth: 0]|translate: f]|[[connection: Keep-Alive]|[[connection: Keep-Alive]|user-agent: Microsoft-WebDAV-MiniRedir/6.1.7601]|[[connection: Keep-Alive]|[[connection: Keep-Alive]|user-agent: Microsoft-WebDAV-MiniRedir/6.1.7601]|depth: 0]|[[connection: Keep-Alive]|[[connection: Keep-Alive]|user-agent: Microsoft-WebDAV-MiniRedir/6.1.7601]|[[connection: Keep-Alive]|[[connection: Keep-Alive]|user-agent: Microsoft-WebDAV-MiniRedir/6.1.7601]|depth: 0]|translate: f]|content-length: 0]|host: 192.168.0.106:8080]|getMethod: PROPFIND
getRequestURI: /webdavedit
getQueryString: null
getProtocol: HTTP/1.1
getContextPath: 
getServletPath: /webdavedit
二月 10, 2015 5:33:53 下午 org.apache.catalina.core.ApplicationContext log
信息: MyFilter: LogInfo: <?xml version="1.0" encoding="utf-8" ?>
<D:multistatus xmlns:D="DAV:"><D:response><D:href>/webdavedit/</D:href>
<D:propstat><D:prop><D:creationdate>2015-02-10T01:35:20Z</D:creationdate>
<D:displayname><![CDATA[]]></D:displayname>
<D:resourcetype><D:collection/></D:resourcetype>
<D:source></D:source>
<D:supportedlock><D:lockentry><D:lockscope><D:exclusive/></D:lockscope><D:locktype><D:write/></D:locktype></D:lockentry><D:lockentry><D:lockscope><D:shared/></D:lockscope><D:locktype><D:write/></D:locktype></D:lockentry></D:supportedlock>
</D:prop>
<D:status>HTTP/1.1 200 OK</D:status>
</D:propstat>
</D:response>
</D:multistatus>

二月 10, 2015 5:33:53 下午 org.apache.catalina.core.ApplicationContext log
信息: webdav: 


二月 10, 2015 5:33:53 下午 org.apache.catalina.core.ApplicationContext log
信息: webdav: [PROPFIND] /
二月 10, 2015 5:33:53 下午 org.apache.catalina.core.ApplicationContext log
信息: webdav: RequestHeader: [connection: Keep-Alive]|[[connection: Keep-Alive]|user-agent: Microsoft-WebDAV-MiniRedir/6.1.7601]|[[connection: Keep-Alive]|[[connection: Keep-Alive]|user-agent: Microsoft-WebDAV-MiniRedir/6.1.7601]|depth: 1]|[[connection: Keep-Alive]|[[connection: Keep-Alive]|user-agent: Microsoft-WebDAV-MiniRedir/6.1.7601]|[[connection: Keep-Alive]|[[connection: Keep-Alive]|user-agent: Microsoft-WebDAV-MiniRedir/6.1.7601]|depth: 1]|translate: f]|[[connection: Keep-Alive]|[[connection: Keep-Alive]|user-agent: Microsoft-WebDAV-MiniRedir/6.1.7601]|[[connection: Keep-Alive]|[[connection: Keep-Alive]|user-agent: Microsoft-WebDAV-MiniRedir/6.1.7601]|depth: 1]|[[connection: Keep-Alive]|[[connection: Keep-Alive]|user-agent: Microsoft-WebDAV-MiniRedir/6.1.7601]|[[connection: Keep-Alive]|[[connection: Keep-Alive]|user-agent: Microsoft-WebDAV-MiniRedir/6.1.7601]|depth: 1]|translate: f]|content-length: 0]|[[connection: Keep-Alive]|[[connection: Keep-Alive]|user-agent: Microsoft-WebDAV-MiniRedir/6.1.7601]|[[connection: Keep-Alive]|[[connection: Keep-Alive]|user-agent: Microsoft-WebDAV-MiniRedir/6.1.7601]|depth: 1]|[[connection: Keep-Alive]|[[connection: Keep-Alive]|user-agent: Microsoft-WebDAV-MiniRedir/6.1.7601]|[[connection: Keep-Alive]|[[connection: Keep-Alive]|user-agent: Microsoft-WebDAV-MiniRedir/6.1.7601]|depth: 1]|translate: f]|[[connection: Keep-Alive]|[[connection: Keep-Alive]|user-agent: Microsoft-WebDAV-MiniRedir/6.1.7601]|[[connection: Keep-Alive]|[[connection: Keep-Alive]|user-agent: Microsoft-WebDAV-MiniRedir/6.1.7601]|depth: 1]|[[connection: Keep-Alive]|[[connection: Keep-Alive]|user-agent: Microsoft-WebDAV-MiniRedir/6.1.7601]|[[connection: Keep-Alive]|[[connection: Keep-Alive]|user-agent: Microsoft-WebDAV-MiniRedir/6.1.7601]|depth: 1]|translate: f]|content-length: 0]|host: 192.168.0.106:8080]|getMethod: PROPFIND
getRequestURI: /webdavedit
getQueryString: null
getProtocol: HTTP/1.1
getContextPath: 
getServletPath: /webdavedit
二月 10, 2015 5:33:53 下午 org.apache.catalina.core.ApplicationContext log
信息: MyFilter: LogInfo: <?xml version="1.0" encoding="utf-8" ?>
<D:multistatus xmlns:D="DAV:"><D:response><D:href>/webdavedit/</D:href>
<D:propstat><D:prop><D:creationdate>2015-02-10T01:35:20Z</D:creationdate>
<D:displayname><![CDATA[]]></D:displayname>
<D:resourcetype><D:collection/></D:resourcetype>
<D:source></D:source>
<D:supportedlock><D:lockentry><D:lockscope><D:exclusive/></D:lockscope><D:locktype><D:write/></D:locktype></D:lockentry><D:lockentry><D:lockscope><D:shared/></D:lockscope><D:locktype><D:write/></D:locktype></D:lockentry></D:supportedlock>
</D:prop>
<D:status>HTTP/1.1 200 OK</D:status>
</D:propstat>
</D:response>
<D:response><D:href>/webdavedit/%E4%B8%AD%E6%96%87.txt</D:href>
<D:propstat><D:prop><D:creationdate>2015-02-10T01:35:20Z</D:creationdate>
<D:displayname><![CDATA[中文.txt]]></D:displayname>
<D:getlastmodified>Tue, 10 Feb 2015 01:35:20 GMT</D:getlastmodified>
<D:getcontentlength>8</D:getcontentlength>
<D:getcontenttype>text/plain</D:getcontenttype>
<D:getetag>W/"8-1423532120291"</D:getetag>
<D:resourcetype/><D:source></D:source>
<D:supportedlock><D:lockentry><D:lockscope><D:exclusive/></D:lockscope><D:locktype><D:write/></D:locktype></D:lockentry><D:lockentry><D:lockscope><D:shared/></D:lockscope><D:locktype><D:write/></D:locktype></D:lockentry></D:supportedlock>
</D:prop>
<D:status>HTTP/1.1 200 OK</D:status>
</D:propstat>
</D:response>
<D:response><D:href>/webdavedit/File1/</D:href>
<D:propstat><D:prop><D:creationdate>2015-02-10T01:35:20Z</D:creationdate>
<D:displayname><![CDATA[File1]]></D:displayname>
<D:resourcetype><D:collection/></D:resourcetype>
<D:source></D:source>
<D:supportedlock><D:lockentry><D:lockscope><D:exclusive/></D:lockscope><D:locktype><D:write/></D:locktype></D:lockentry><D:lockentry><D:lockscope><D:shared/></D:lockscope><D:locktype><D:write/></D:locktype></D:lockentry></D:supportedlock>
</D:prop>
<D:status>HTTP/1.1 200 OK</D:status>
</D:propstat>
</D:response>
</D:multistatus>

二月 10, 2015 5:33:54 下午 org.apache.catalina.core.ApplicationContext log
信息: webdav: 


二月 10, 2015 5:33:54 下午 org.apache.catalina.core.ApplicationContext log
信息: webdav: [PROPFIND] /File1/desktop.ini
二月 10, 2015 5:33:54 下午 org.apache.catalina.core.ApplicationContext log
信息: webdav: RequestHeader: [connection: Keep-Alive]|[[connection: Keep-Alive]|user-agent: Microsoft-WebDAV-MiniRedir/6.1.7601]|[[connection: Keep-Alive]|[[connection: Keep-Alive]|user-agent: Microsoft-WebDAV-MiniRedir/6.1.7601]|depth: 0]|[[connection: Keep-Alive]|[[connection: Keep-Alive]|user-agent: Microsoft-WebDAV-MiniRedir/6.1.7601]|[[connection: Keep-Alive]|[[connection: Keep-Alive]|user-agent: Microsoft-WebDAV-MiniRedir/6.1.7601]|depth: 0]|translate: f]|[[connection: Keep-Alive]|[[connection: Keep-Alive]|user-agent: Microsoft-WebDAV-MiniRedir/6.1.7601]|[[connection: Keep-Alive]|[[connection: Keep-Alive]|user-agent: Microsoft-WebDAV-MiniRedir/6.1.7601]|depth: 0]|[[connection: Keep-Alive]|[[connection: Keep-Alive]|user-agent: Microsoft-WebDAV-MiniRedir/6.1.7601]|[[connection: Keep-Alive]|[[connection: Keep-Alive]|user-agent: Microsoft-WebDAV-MiniRedir/6.1.7601]|depth: 0]|translate: f]|content-length: 0]|[[connection: Keep-Alive]|[[connection: Keep-Alive]|user-agent: Microsoft-WebDAV-MiniRedir/6.1.7601]|[[connection: Keep-Alive]|[[connection: Keep-Alive]|user-agent: Microsoft-WebDAV-MiniRedir/6.1.7601]|depth: 0]|[[connection: Keep-Alive]|[[connection: Keep-Alive]|user-agent: Microsoft-WebDAV-MiniRedir/6.1.7601]|[[connection: Keep-Alive]|[[connection: Keep-Alive]|user-agent: Microsoft-WebDAV-MiniRedir/6.1.7601]|depth: 0]|translate: f]|[[connection: Keep-Alive]|[[connection: Keep-Alive]|user-agent: Microsoft-WebDAV-MiniRedir/6.1.7601]|[[connection: Keep-Alive]|[[connection: Keep-Alive]|user-agent: Microsoft-WebDAV-MiniRedir/6.1.7601]|depth: 0]|[[connection: Keep-Alive]|[[connection: Keep-Alive]|user-agent: Microsoft-WebDAV-MiniRedir/6.1.7601]|[[connection: Keep-Alive]|[[connection: Keep-Alive]|user-agent: Microsoft-WebDAV-MiniRedir/6.1.7601]|depth: 0]|translate: f]|content-length: 0]|host: 192.168.0.106:8080]|getMethod: PROPFIND
getRequestURI: /webdavedit/File1/desktop.ini
getQueryString: null
getProtocol: HTTP/1.1
getContextPath: 
getServletPath: /webdavedit
二月 10, 2015 5:33:54 下午 org.apache.catalina.core.ApplicationContext log
信息: MyFilter: LogInfo: 
二月 10, 2015 5:34:09 下午 org.apache.catalina.core.ApplicationContext log
信息: webdav: 


二月 10, 2015 5:34:09 下午 org.apache.catalina.core.ApplicationContext log
信息: webdav: [PROPFIND] /
二月 10, 2015 5:34:09 下午 org.apache.catalina.core.ApplicationContext log
信息: webdav: RequestHeader: [connection: Keep-Alive]|[[connection: Keep-Alive]|user-agent: Microsoft-WebDAV-MiniRedir/6.1.7601]|[[connection: Keep-Alive]|[[connection: Keep-Alive]|user-agent: Microsoft-WebDAV-MiniRedir/6.1.7601]|depth: 0]|[[connection: Keep-Alive]|[[connection: Keep-Alive]|user-agent: Microsoft-WebDAV-MiniRedir/6.1.7601]|[[connection: Keep-Alive]|[[connection: Keep-Alive]|user-agent: Microsoft-WebDAV-MiniRedir/6.1.7601]|depth: 0]|translate: f]|[[connection: Keep-Alive]|[[connection: Keep-Alive]|user-agent: Microsoft-WebDAV-MiniRedir/6.1.7601]|[[connection: Keep-Alive]|[[connection: Keep-Alive]|user-agent: Microsoft-WebDAV-MiniRedir/6.1.7601]|depth: 0]|[[connection: Keep-Alive]|[[connection: Keep-Alive]|user-agent: Microsoft-WebDAV-MiniRedir/6.1.7601]|[[connection: Keep-Alive]|[[connection: Keep-Alive]|user-agent: Microsoft-WebDAV-MiniRedir/6.1.7601]|depth: 0]|translate: f]|content-length: 0]|[[connection: Keep-Alive]|[[connection: Keep-Alive]|user-agent: Microsoft-WebDAV-MiniRedir/6.1.7601]|[[connection: Keep-Alive]|[[connection: Keep-Alive]|user-agent: Microsoft-WebDAV-MiniRedir/6.1.7601]|depth: 0]|[[connection: Keep-Alive]|[[connection: Keep-Alive]|user-agent: Microsoft-WebDAV-MiniRedir/6.1.7601]|[[connection: Keep-Alive]|[[connection: Keep-Alive]|user-agent: Microsoft-WebDAV-MiniRedir/6.1.7601]|depth: 0]|translate: f]|[[connection: Keep-Alive]|[[connection: Keep-Alive]|user-agent: Microsoft-WebDAV-MiniRedir/6.1.7601]|[[connection: Keep-Alive]|[[connection: Keep-Alive]|user-agent: Microsoft-WebDAV-MiniRedir/6.1.7601]|depth: 0]|[[connection: Keep-Alive]|[[connection: Keep-Alive]|user-agent: Microsoft-WebDAV-MiniRedir/6.1.7601]|[[connection: Keep-Alive]|[[connection: Keep-Alive]|user-agent: Microsoft-WebDAV-MiniRedir/6.1.7601]|depth: 0]|translate: f]|content-length: 0]|host: 192.168.0.106:8080]|getMethod: PROPFIND
getRequestURI: /webdavedit
getQueryString: null
getProtocol: HTTP/1.1
getContextPath: 
getServletPath: /webdavedit
二月 10, 2015 5:34:09 下午 org.apache.catalina.core.ApplicationContext log
信息: MyFilter: LogInfo: <?xml version="1.0" encoding="utf-8" ?>
<D:multistatus xmlns:D="DAV:"><D:response><D:href>/webdavedit/</D:href>
<D:propstat><D:prop><D:creationdate>2015-02-10T01:35:20Z</D:creationdate>
<D:displayname><![CDATA[]]></D:displayname>
<D:resourcetype><D:collection/></D:resourcetype>
<D:source></D:source>
<D:supportedlock><D:lockentry><D:lockscope><D:exclusive/></D:lockscope><D:locktype><D:write/></D:locktype></D:lockentry><D:lockentry><D:lockscope><D:shared/></D:lockscope><D:locktype><D:write/></D:locktype></D:lockentry></D:supportedlock>
</D:prop>
<D:status>HTTP/1.1 200 OK</D:status>
</D:propstat>
</D:response>
</D:multistatus>

二月 10, 2015 5:34:09 下午 org.apache.catalina.core.ApplicationContext log
信息: webdav: 


二月 10, 2015 5:34:09 下午 org.apache.catalina.core.ApplicationContext log
信息: webdav: [PROPFIND] /
二月 10, 2015 5:34:09 下午 org.apache.catalina.core.ApplicationContext log
信息: webdav: RequestHeader: [connection: Keep-Alive]|[[connection: Keep-Alive]|user-agent: Microsoft-WebDAV-MiniRedir/6.1.7601]|[[connection: Keep-Alive]|[[connection: Keep-Alive]|user-agent: Microsoft-WebDAV-MiniRedir/6.1.7601]|depth: 0]|[[connection: Keep-Alive]|[[connection: Keep-Alive]|user-agent: Microsoft-WebDAV-MiniRedir/6.1.7601]|[[connection: Keep-Alive]|[[connection: Keep-Alive]|user-agent: Microsoft-WebDAV-MiniRedir/6.1.7601]|depth: 0]|translate: f]|[[connection: Keep-Alive]|[[connection: Keep-Alive]|user-agent: Microsoft-WebDAV-MiniRedir/6.1.7601]|[[connection: Keep-Alive]|[[connection: Keep-Alive]|user-agent: Microsoft-WebDAV-MiniRedir/6.1.7601]|depth: 0]|[[connection: Keep-Alive]|[[connection: Keep-Alive]|user-agent: Microsoft-WebDAV-MiniRedir/6.1.7601]|[[connection: Keep-Alive]|[[connection: Keep-Alive]|user-agent: Microsoft-WebDAV-MiniRedir/6.1.7601]|depth: 0]|translate: f]|content-length: 0]|[[connection: Keep-Alive]|[[connection: Keep-Alive]|user-agent: Microsoft-WebDAV-MiniRedir/6.1.7601]|[[connection: Keep-Alive]|[[connection: Keep-Alive]|user-agent: Microsoft-WebDAV-MiniRedir/6.1.7601]|depth: 0]|[[connection: Keep-Alive]|[[connection: Keep-Alive]|user-agent: Microsoft-WebDAV-MiniRedir/6.1.7601]|[[connection: Keep-Alive]|[[connection: Keep-Alive]|user-agent: Microsoft-WebDAV-MiniRedir/6.1.7601]|depth: 0]|translate: f]|[[connection: Keep-Alive]|[[connection: Keep-Alive]|user-agent: Microsoft-WebDAV-MiniRedir/6.1.7601]|[[connection: Keep-Alive]|[[connection: Keep-Alive]|user-agent: Microsoft-WebDAV-MiniRedir/6.1.7601]|depth: 0]|[[connection: Keep-Alive]|[[connection: Keep-Alive]|user-agent: Microsoft-WebDAV-MiniRedir/6.1.7601]|[[connection: Keep-Alive]|[[connection: Keep-Alive]|user-agent: Microsoft-WebDAV-MiniRedir/6.1.7601]|depth: 0]|translate: f]|content-length: 0]|host: 192.168.0.106:8080]|getMethod: PROPFIND
getRequestURI: /webdavedit
getQueryString: null
getProtocol: HTTP/1.1
getContextPath: 
getServletPath: /webdavedit
二月 10, 2015 5:34:09 下午 org.apache.catalina.core.ApplicationContext log
信息: MyFilter: LogInfo: <?xml version="1.0" encoding="utf-8" ?>
<D:multistatus xmlns:D="DAV:"><D:response><D:href>/webdavedit/</D:href>
<D:propstat><D:prop><D:creationdate>2015-02-10T01:35:20Z</D:creationdate>
<D:displayname><![CDATA[]]></D:displayname>
<D:resourcetype><D:collection/></D:resourcetype>
<D:source></D:source>
<D:supportedlock><D:lockentry><D:lockscope><D:exclusive/></D:lockscope><D:locktype><D:write/></D:locktype></D:lockentry><D:lockentry><D:lockscope><D:shared/></D:lockscope><D:locktype><D:write/></D:locktype></D:lockentry></D:supportedlock>
</D:prop>
<D:status>HTTP/1.1 200 OK</D:status>
</D:propstat>
</D:response>
</D:multistatus>

二月 10, 2015 5:34:09 下午 org.apache.catalina.core.ApplicationContext log
信息: webdav: 


二月 10, 2015 5:34:09 下午 org.apache.catalina.core.ApplicationContext log
信息: webdav: [PROPFIND] /中文.txt
二月 10, 2015 5:34:09 下午 org.apache.catalina.core.ApplicationContext log
信息: webdav: RequestHeader: [connection: Keep-Alive]|[[connection: Keep-Alive]|user-agent: Microsoft-WebDAV-MiniRedir/6.1.7601]|[[connection: Keep-Alive]|[[connection: Keep-Alive]|user-agent: Microsoft-WebDAV-MiniRedir/6.1.7601]|depth: 0]|[[connection: Keep-Alive]|[[connection: Keep-Alive]|user-agent: Microsoft-WebDAV-MiniRedir/6.1.7601]|[[connection: Keep-Alive]|[[connection: Keep-Alive]|user-agent: Microsoft-WebDAV-MiniRedir/6.1.7601]|depth: 0]|translate: f]|[[connection: Keep-Alive]|[[connection: Keep-Alive]|user-agent: Microsoft-WebDAV-MiniRedir/6.1.7601]|[[connection: Keep-Alive]|[[connection: Keep-Alive]|user-agent: Microsoft-WebDAV-MiniRedir/6.1.7601]|depth: 0]|[[connection: Keep-Alive]|[[connection: Keep-Alive]|user-agent: Microsoft-WebDAV-MiniRedir/6.1.7601]|[[connection: Keep-Alive]|[[connection: Keep-Alive]|user-agent: Microsoft-WebDAV-MiniRedir/6.1.7601]|depth: 0]|translate: f]|content-length: 0]|[[connection: Keep-Alive]|[[connection: Keep-Alive]|user-agent: Microsoft-WebDAV-MiniRedir/6.1.7601]|[[connection: Keep-Alive]|[[connection: Keep-Alive]|user-agent: Microsoft-WebDAV-MiniRedir/6.1.7601]|depth: 0]|[[connection: Keep-Alive]|[[connection: Keep-Alive]|user-agent: Microsoft-WebDAV-MiniRedir/6.1.7601]|[[connection: Keep-Alive]|[[connection: Keep-Alive]|user-agent: Microsoft-WebDAV-MiniRedir/6.1.7601]|depth: 0]|translate: f]|[[connection: Keep-Alive]|[[connection: Keep-Alive]|user-agent: Microsoft-WebDAV-MiniRedir/6.1.7601]|[[connection: Keep-Alive]|[[connection: Keep-Alive]|user-agent: Microsoft-WebDAV-MiniRedir/6.1.7601]|depth: 0]|[[connection: Keep-Alive]|[[connection: Keep-Alive]|user-agent: Microsoft-WebDAV-MiniRedir/6.1.7601]|[[connection: Keep-Alive]|[[connection: Keep-Alive]|user-agent: Microsoft-WebDAV-MiniRedir/6.1.7601]|depth: 0]|translate: f]|content-length: 0]|host: 192.168.0.106:8080]|getMethod: PROPFIND
getRequestURI: /webdavedit/%E4%B8%AD%E6%96%87.txt
getQueryString: null
getProtocol: HTTP/1.1
getContextPath: 
getServletPath: /webdavedit
二月 10, 2015 5:34:09 下午 org.apache.catalina.core.ApplicationContext log
信息: MyFilter: LogInfo: <?xml version="1.0" encoding="utf-8" ?>
<D:multistatus xmlns:D="DAV:"><D:response><D:href>/webdavedit/%E4%B8%AD%E6%96%87.txt</D:href>
<D:propstat><D:prop><D:creationdate>2015-02-10T01:35:20Z</D:creationdate>
<D:displayname><![CDATA[中文.txt]]></D:displayname>
<D:getlastmodified>Tue, 10 Feb 2015 01:35:20 GMT</D:getlastmodified>
<D:getcontentlength>8</D:getcontentlength>
<D:getcontenttype>text/plain</D:getcontenttype>
<D:getetag>W/"8-1423532120291"</D:getetag>
<D:resourcetype/><D:source></D:source>
<D:supportedlock><D:lockentry><D:lockscope><D:exclusive/></D:lockscope><D:locktype><D:write/></D:locktype></D:lockentry><D:lockentry><D:lockscope><D:shared/></D:lockscope><D:locktype><D:write/></D:locktype></D:lockentry></D:supportedlock>
</D:prop>
<D:status>HTTP/1.1 200 OK</D:status>
</D:propstat>
</D:response>
</D:multistatus>

二月 10, 2015 5:34:09 下午 org.apache.catalina.core.ApplicationContext log
信息: webdav: 


二月 10, 2015 5:34:09 下午 org.apache.catalina.core.ApplicationContext log
信息: webdav: [GET] /中文.txt
二月 10, 2015 5:34:09 下午 org.apache.catalina.core.ApplicationContext log
信息: webdav: RequestHeader: [cache-control: no-cache]|[[cache-control: no-cache]|connection: Keep-Alive]|[[cache-control: no-cache]|[[cache-control: no-cache]|connection: Keep-Alive]|pragma: no-cache]|[[cache-control: no-cache]|[[cache-control: no-cache]|connection: Keep-Alive]|[[cache-control: no-cache]|[[cache-control: no-cache]|connection: Keep-Alive]|pragma: no-cache]|user-agent: Microsoft-WebDAV-MiniRedir/6.1.7601]|[[cache-control: no-cache]|[[cache-control: no-cache]|connection: Keep-Alive]|[[cache-control: no-cache]|[[cache-control: no-cache]|connection: Keep-Alive]|pragma: no-cache]|[[cache-control: no-cache]|[[cache-control: no-cache]|connection: Keep-Alive]|[[cache-control: no-cache]|[[cache-control: no-cache]|connection: Keep-Alive]|pragma: no-cache]|user-agent: Microsoft-WebDAV-MiniRedir/6.1.7601]|translate: f]|[[cache-control: no-cache]|[[cache-control: no-cache]|connection: Keep-Alive]|[[cache-control: no-cache]|[[cache-control: no-cache]|connection: Keep-Alive]|pragma: no-cache]|[[cache-control: no-cache]|[[cache-control: no-cache]|connection: Keep-Alive]|[[cache-control: no-cache]|[[cache-control: no-cache]|connection: Keep-Alive]|pragma: no-cache]|user-agent: Microsoft-WebDAV-MiniRedir/6.1.7601]|[[cache-control: no-cache]|[[cache-control: no-cache]|connection: Keep-Alive]|[[cache-control: no-cache]|[[cache-control: no-cache]|connection: Keep-Alive]|pragma: no-cache]|[[cache-control: no-cache]|[[cache-control: no-cache]|connection: Keep-Alive]|[[cache-control: no-cache]|[[cache-control: no-cache]|connection: Keep-Alive]|pragma: no-cache]|user-agent: Microsoft-WebDAV-MiniRedir/6.1.7601]|translate: f]|host: 192.168.0.106:8080]|getMethod: GET
getRequestURI: /webdavedit/%E4%B8%AD%E6%96%87.txt
getQueryString: null
getProtocol: HTTP/1.1
getContextPath: 
getServletPath: /webdavedit
二月 10, 2015 5:34:09 下午 org.apache.catalina.core.ApplicationContext log
信息: webdav: DefaultServlet.serveResource:  Serving resource '/中文.txt' headers and data
二月 10, 2015 5:34:09 下午 org.apache.catalina.core.ApplicationContext log
信息: webdav: DefaultServlet.serveFile:  contentType='text/plain'
二月 10, 2015 5:34:09 下午 org.apache.catalina.core.ApplicationContext log
信息: webdav: DefaultServlet.serveFile:  contentLength=8
二月 10, 2015 5:34:09 下午 org.apache.catalina.core.ApplicationContext log
信息: MyFilter: LogInfo: 
